[2024-07-05 00:23:35,798] INFO Starting the log cleaner (kafka.log.LogCleaner)
[2024-07-07 11:55:49,770] INFO Starting the log cleaner (kafka.log.LogCleaner)
[2024-07-07 12:57:57,719] INFO Starting the log cleaner (kafka.log.LogCleaner)
[2024-07-07 12:57:58,412] INFO Shutting down the log cleaner. (kafka.log.LogCleaner)
[2024-07-07 13:00:10,476] INFO Starting the log cleaner (kafka.log.LogCleaner)
[2024-07-17 13:48:35,655] INFO Starting the log cleaner (kafka.log.LogCleaner)
[2024-07-17 13:48:50,744] INFO Cleaner 0: Beginning cleaning of log __consumer_offsets-39 (kafka.log.LogCleaner)
[2024-07-17 13:48:50,744] INFO Cleaner 0: Building offset map for __consumer_offsets-39... (kafka.log.LogCleaner)
[2024-07-17 13:48:50,779] INFO Cleaner 0: Building offset map for log __consumer_offsets-39 for 1 segments in offset range [0, 14068). (kafka.log.LogCleaner)
[2024-07-17 13:48:50,840] INFO Cleaner 0: Offset map for log __consumer_offsets-39 complete. (kafka.log.LogCleaner)
[2024-07-17 13:48:50,865] INFO Cleaner 0: Cleaning log __consumer_offsets-39 (cleaning prior to Wed Jul 10 16:04:15 IST 2024, discarding tombstones prior to upper bound deletion horizon Thu Jan 01 05:30:00 IST 1970)... (kafka.log.LogCleaner)
[2024-07-17 13:48:50,869] INFO Cleaner 0: Cleaning LogSegment(baseOffset=0, size=1749474, lastModifiedTime=1720607655117, largestRecordTimestamp=1720607655116) in log __consumer_offsets-39 into 0 with an upper bound deletion horizon 0 computed from the segment last modified time of 1720607655117,retaining deletes. (kafka.log.LogCleaner)
[2024-07-17 13:48:50,912] INFO Cleaner 0: Swapping in cleaned segment LogSegment(baseOffset=0, size=490, lastModifiedTime=1720607655117, largestRecordTimestamp=1720607655116) for segment(s) List(LogSegment(baseOffset=0, size=1749474, lastModifiedTime=1720607655117, largestRecordTimestamp=1720607655116)) in log Log(dir=C:\tmp\kafka-logs\__consumer_offsets-39, topicId=2oWsYejHQROckWh5_kcKeg, topic=__consumer_offsets, partition=39, highWatermark=14069, lastStableOffset=14069, logStartOffset=0, logEndOffset=14069) (kafka.log.LogCleaner)
[2024-07-17 13:48:50,943] INFO Cleaner 0: Beginning cleaning of log __consumer_offsets-39 (kafka.log.LogCleaner)
[2024-07-17 13:48:50,943] INFO Cleaner 0: Building offset map for __consumer_offsets-39... (kafka.log.LogCleaner)
[2024-07-17 13:51:51,810] INFO Starting the log cleaner (kafka.log.LogCleaner)
[2024-07-17 13:52:06,895] INFO Cleaner 0: Beginning cleaning of log __consumer_offsets-39 (kafka.log.LogCleaner)
[2024-07-17 13:52:06,896] INFO Cleaner 0: Building offset map for __consumer_offsets-39... (kafka.log.LogCleaner)
[2024-07-17 13:52:06,931] INFO Cleaner 0: Building offset map for log __consumer_offsets-39 for 1 segments in offset range [0, 14068). (kafka.log.LogCleaner)
[2024-07-17 13:52:06,981] INFO Cleaner 0: Offset map for log __consumer_offsets-39 complete. (kafka.log.LogCleaner)
[2024-07-17 13:52:06,996] INFO Cleaner 0: Cleaning log __consumer_offsets-39 (cleaning prior to Wed Jul 10 16:04:15 IST 2024, discarding tombstones prior to upper bound deletion horizon Thu Jan 01 05:30:00 IST 1970)... (kafka.log.LogCleaner)
[2024-07-17 13:52:07,004] INFO Cleaner 0: Cleaning LogSegment(baseOffset=0, size=1749474, lastModifiedTime=1720607655117, largestRecordTimestamp=1720607655116) in log __consumer_offsets-39 into 0 with an upper bound deletion horizon 0 computed from the segment last modified time of 1720607655117,retaining deletes. (kafka.log.LogCleaner)
[2024-07-17 13:52:07,064] INFO Cleaner 0: Swapping in cleaned segment LogSegment(baseOffset=0, size=490, lastModifiedTime=1720607655117, largestRecordTimestamp=1720607655116) for segment(s) List(LogSegment(baseOffset=0, size=1749474, lastModifiedTime=1720607655117, largestRecordTimestamp=1720607655116)) in log Log(dir=C:\tmp\kafka-logs\__consumer_offsets-39, topicId=2oWsYejHQROckWh5_kcKeg, topic=__consumer_offsets, partition=39, highWatermark=14070, lastStableOffset=14070, logStartOffset=0, logEndOffset=14070) (kafka.log.LogCleaner)
[2024-07-17 13:52:07,086] INFO Cleaner 0: Beginning cleaning of log __consumer_offsets-39 (kafka.log.LogCleaner)
[2024-07-17 13:52:07,086] INFO Cleaner 0: Building offset map for __consumer_offsets-39... (kafka.log.LogCleaner)
[2024-07-17 13:54:54,874] INFO Starting the log cleaner (kafka.log.LogCleaner)
[2024-07-17 13:55:09,978] INFO Cleaner 0: Beginning cleaning of log __consumer_offsets-39 (kafka.log.LogCleaner)
[2024-07-17 13:55:09,979] INFO Cleaner 0: Building offset map for __consumer_offsets-39... (kafka.log.LogCleaner)
[2024-07-17 13:55:10,004] INFO Cleaner 0: Building offset map for log __consumer_offsets-39 for 1 segments in offset range [0, 14068). (kafka.log.LogCleaner)
[2024-07-17 13:55:10,053] INFO Cleaner 0: Offset map for log __consumer_offsets-39 complete. (kafka.log.LogCleaner)
[2024-07-17 13:55:10,068] INFO Cleaner 0: Cleaning log __consumer_offsets-39 (cleaning prior to Wed Jul 10 16:04:15 IST 2024, discarding tombstones prior to upper bound deletion horizon Thu Jan 01 05:30:00 IST 1970)... (kafka.log.LogCleaner)
[2024-07-17 13:55:10,071] INFO Cleaner 0: Cleaning LogSegment(baseOffset=0, size=1749474, lastModifiedTime=1720607655117, largestRecordTimestamp=1720607655116) in log __consumer_offsets-39 into 0 with an upper bound deletion horizon 0 computed from the segment last modified time of 1720607655117,retaining deletes. (kafka.log.LogCleaner)
[2024-07-17 13:55:10,127] INFO Cleaner 0: Swapping in cleaned segment LogSegment(baseOffset=0, size=490, lastModifiedTime=1720607655117, largestRecordTimestamp=1720607655116) for segment(s) List(LogSegment(baseOffset=0, size=1749474, lastModifiedTime=1720607655117, largestRecordTimestamp=1720607655116)) in log Log(dir=C:\tmp\kafka-logs\__consumer_offsets-39, topicId=2oWsYejHQROckWh5_kcKeg, topic=__consumer_offsets, partition=39, highWatermark=14071, lastStableOffset=14071, logStartOffset=0, logEndOffset=14071) (kafka.log.LogCleaner)
[2024-07-17 13:55:10,147] INFO Cleaner 0: Beginning cleaning of log __consumer_offsets-39 (kafka.log.LogCleaner)
[2024-07-17 13:55:10,147] INFO Cleaner 0: Building offset map for __consumer_offsets-39... (kafka.log.LogCleaner)
[2024-07-17 14:07:57,463] INFO Starting the log cleaner (kafka.log.LogCleaner)
[2024-07-17 14:08:12,574] INFO Cleaner 0: Beginning cleaning of log __consumer_offsets-39 (kafka.log.LogCleaner)
[2024-07-17 14:08:12,575] INFO Cleaner 0: Building offset map for __consumer_offsets-39... (kafka.log.LogCleaner)
[2024-07-17 14:08:12,605] INFO Cleaner 0: Building offset map for log __consumer_offsets-39 for 1 segments in offset range [0, 14068). (kafka.log.LogCleaner)
[2024-07-17 14:08:12,695] INFO Cleaner 0: Offset map for log __consumer_offsets-39 complete. (kafka.log.LogCleaner)
[2024-07-17 14:08:12,718] INFO Cleaner 0: Cleaning log __consumer_offsets-39 (cleaning prior to Wed Jul 10 16:04:15 IST 2024, discarding tombstones prior to upper bound deletion horizon Thu Jan 01 05:30:00 IST 1970)... (kafka.log.LogCleaner)
[2024-07-17 14:08:12,723] INFO Cleaner 0: Cleaning LogSegment(baseOffset=0, size=1749474, lastModifiedTime=1720607655117, largestRecordTimestamp=1720607655116) in log __consumer_offsets-39 into 0 with an upper bound deletion horizon 0 computed from the segment last modified time of 1720607655117,retaining deletes. (kafka.log.LogCleaner)
[2024-07-17 14:08:12,778] INFO Cleaner 0: Swapping in cleaned segment LogSegment(baseOffset=0, size=490, lastModifiedTime=1720607655117, largestRecordTimestamp=1720607655116) for segment(s) List(LogSegment(baseOffset=0, size=1749474, lastModifiedTime=1720607655117, largestRecordTimestamp=1720607655116)) in log Log(dir=C:\tmp\kafka-logs\__consumer_offsets-39, topicId=2oWsYejHQROckWh5_kcKeg, topic=__consumer_offsets, partition=39, highWatermark=14071, lastStableOffset=14071, logStartOffset=0, logEndOffset=14071) (kafka.log.LogCleaner)
[2024-07-17 14:08:12,828] INFO Cleaner 0: Beginning cleaning of log __consumer_offsets-39 (kafka.log.LogCleaner)
[2024-07-17 14:08:12,828] INFO Cleaner 0: Building offset map for __consumer_offsets-39... (kafka.log.LogCleaner)
[2024-07-17 14:35:54,511] INFO Starting the log cleaner (kafka.log.LogCleaner)
[2024-07-17 14:36:09,612] INFO Cleaner 0: Beginning cleaning of log __consumer_offsets-39 (kafka.log.LogCleaner)
[2024-07-17 14:36:09,612] INFO Cleaner 0: Building offset map for __consumer_offsets-39... (kafka.log.LogCleaner)
[2024-07-17 14:36:09,644] INFO Cleaner 0: Building offset map for log __consumer_offsets-39 for 1 segments in offset range [0, 14068). (kafka.log.LogCleaner)
[2024-07-17 14:36:09,721] INFO Cleaner 0: Offset map for log __consumer_offsets-39 complete. (kafka.log.LogCleaner)
[2024-07-17 14:36:09,737] INFO Cleaner 0: Cleaning log __consumer_offsets-39 (cleaning prior to Wed Jul 10 16:04:15 IST 2024, discarding tombstones prior to upper bound deletion horizon Thu Jan 01 05:30:00 IST 1970)... (kafka.log.LogCleaner)
[2024-07-17 14:36:09,742] INFO Cleaner 0: Cleaning LogSegment(baseOffset=0, size=1749474, lastModifiedTime=1720607655117, largestRecordTimestamp=1720607655116) in log __consumer_offsets-39 into 0 with an upper bound deletion horizon 0 computed from the segment last modified time of 1720607655117,retaining deletes. (kafka.log.LogCleaner)
[2024-07-17 14:36:09,786] INFO Cleaner 0: Swapping in cleaned segment LogSegment(baseOffset=0, size=490, lastModifiedTime=1720607655117, largestRecordTimestamp=1720607655116) for segment(s) List(LogSegment(baseOffset=0, size=1749474, lastModifiedTime=1720607655117, largestRecordTimestamp=1720607655116)) in log Log(dir=C:\tmp\kafka-logs\__consumer_offsets-39, topicId=2oWsYejHQROckWh5_kcKeg, topic=__consumer_offsets, partition=39, highWatermark=14071, lastStableOffset=14071, logStartOffset=0, logEndOffset=14071) (kafka.log.LogCleaner)
[2024-07-17 14:36:09,833] INFO Cleaner 0: Beginning cleaning of log __consumer_offsets-39 (kafka.log.LogCleaner)
[2024-07-17 14:36:09,833] INFO Cleaner 0: Building offset map for __consumer_offsets-39... (kafka.log.LogCleaner)
[2024-07-17 14:47:26,262] INFO Starting the log cleaner (kafka.log.LogCleaner)
